Starting dash cleanup - Tue Jul  1 19:45:33 CEST 2025
RENAMED: /Users/askirom/Documents/Askr.Vault-2506/20 Quests/Personal/_QUEST_-_Personal.md -> /Users/askirom/Documents/Askr.Vault-2506/20 Quests/Personal/_QUEST-Personal.md
RENAMED: /Users/askirom/Documents/Askr.Vault-2506/20 Quests/Personal/Askirom Evolution/Stage_0_-_Tutorial_(First_90_Days).md -> /Users/askirom/Documents/Askr.Vault-2506/20 Quests/Personal/Askirom Evolution/Stage_0-Tutorial_(First_90_Days).md
UPDATED LINK: Stage_0_-_Tutorial_(First_90_Days) -> Stage_0-Tutorial_(First_90_Days) in _QUEST_-_Askirom_Evolution.md
RENAMED: /Users/askirom/Documents/Askr.Vault-2506/20 Quests/Personal/Askirom Evolution/Stage_2_-_Expert_(Months_7-12).md -> /Users/askirom/Documents/Askr.Vault-2506/20 Quests/Personal/Askirom Evolution/Stage_2-Expert_(Months_7-12).md
UPDATED LINK: Stage_2_-_Expert_(Months_7-12) -> Stage_2-Expert_(Months_7-12) in _QUEST_-_Askirom_Evolution.md
RENAMED: /Users/askirom/Documents/Askr.Vault-2506/20 Quests/Personal/Askirom Evolution/Stage_1_-_Adept_(Months_4-6).md -> /Users/askirom/Documents/Askr.Vault-2506/20 Quests/Personal/Askirom Evolution/Stage_1-Adept_(Months_4-6).md
UPDATED LINK: Stage_1_-_Adept_(Months_4-6) -> Stage_1-Adept_(Months_4-6) in _QUEST_-_Askirom_Evolution.md
RENAMED: /Users/askirom/Documents/Askr.Vault-2506/20 Quests/Personal/Askirom Evolution/Stage_3_-_Master_(Year_2+).md -> /Users/askirom/Documents/Askr.Vault-2506/20 Quests/Personal/Askirom Evolution/Stage_3-Master_(Year_2+).md
UPDATED LINK: Stage_3_-_Master_(Year_2+) -> Stage_3-Master_(Year_2+) in _QUEST_-_Askirom_Evolution.md
RENAMED: /Users/askirom/Documents/Askr.Vault-2506/20 Quests/Personal/_QUEST_-_Askirom_Evolution.md -> /Users/askirom/Documents/Askr.Vault-2506/20 Quests/Personal/_QUEST-Askirom_Evolution.md
UPDATED LINK: _QUEST_-_Askirom_Evolution -> _QUEST-Askirom_Evolution in Stage_0-Tutorial_(First_90_Days).md
UPDATED LINK: _QUEST_-_Askirom_Evolution -> _QUEST-Askirom_Evolution in Stage_2-Expert_(Months_7-12).md
UPDATED LINK: _QUEST_-_Askirom_Evolution -> _QUEST-Askirom_Evolution in Stage_3-Master_(Year_2+).md
UPDATED LINK: _QUEST_-_Askirom_Evolution -> _QUEST-Askirom_Evolution in Stage_1-Adept_(Months_4-6).md
RENAMED: /Users/askirom/Documents/Askr.Vault-2506/20 Quests/Professional/ARA/_QUEST_-_ARA.md -> /Users/askirom/Documents/Askr.Vault-2506/20 Quests/Professional/ARA/_QUEST-ARA.md
RENAMED: /Users/askirom/Documents/Askr.Vault-2506/20 Quests/Professional/RBOMN/_QUEST_-_RBOMN.md -> /Users/askirom/Documents/Askr.Vault-2506/20 Quests/Professional/RBOMN/_QUEST-RBOMN.md
UPDATED LINK: _QUEST_-_RBOMN -> _QUEST-RBOMN in Jan-Phillip_Scheller.md
RENAMED: /Users/askirom/Documents/Askr.Vault-2506/20 Quests/Professional/GOSME/_QUEST_-_GOSME.md -> /Users/askirom/Documents/Askr.Vault-2506/20 Quests/Professional/GOSME/_QUEST-GOSME.md
RENAMED: /Users/askirom/Documents/Askr.Vault-2506/20 Quests/Professional/CLIFO/_QUEST_-_CLIFO.md -> /Users/askirom/Documents/Askr.Vault-2506/20 Quests/Professional/CLIFO/_QUEST-CLIFO.md
RENAMED: /Users/askirom/Documents/Askr.Vault-2506/20 Quests/Professional/EMPIC/Milestone_-_Risk_Management_Framework.md -> /Users/askirom/Documents/Askr.Vault-2506/20 Quests/Professional/EMPIC/Milestone-Risk_Management_Framework.md
RENAMED: /Users/askirom/Documents/Askr.Vault-2506/20 Quests/Professional/EMPIC/_QUEST_-_EMPIC.md -> /Users/askirom/Documents/Askr.Vault-2506/20 Quests/Professional/EMPIC/_QUEST-EMPIC.md
RENAMED: /Users/askirom/Documents/Askr.Vault-2506/20 Quests/Professional/EMPIC/Milestone_-_Documentation_&_Certification_Prep.md -> /Users/askirom/Documents/Askr.Vault-2506/20 Quests/Professional/EMPIC/Milestone-Documentation_&_Certification_Prep.md
RENAMED: /Users/askirom/Documents/Askr.Vault-2506/20 Quests/Professional/EMPIC/Milestone_-_VdS_10000_Gap_Analysis.md -> /Users/askirom/Documents/Askr.Vault-2506/20 Quests/Professional/EMPIC/Milestone-VdS_10000_Gap_Analysis.md
RENAMED: /Users/askirom/Documents/Askr.Vault-2506/20 Quests/Professional/FITS/_QUEST_-_FITS.md -> /Users/askirom/Documents/Askr.Vault-2506/20 Quests/Professional/FITS/_QUEST-FITS.md
RENAMED: /Users/askirom/Documents/Askr.Vault-2506/20 Quests/Professional/FITS/Milestone_-_Löschkonzept_v1.0_Completion.md -> /Users/askirom/Documents/Askr.Vault-2506/20 Quests/Professional/FITS/Milestone-Löschkonzept_v1.0_Completion.md
RENAMED: /Users/askirom/Documents/Askr.Vault-2506/20 Quests/Professional/VGALT/_QUEST_-_VGALT.md -> /Users/askirom/Documents/Askr.Vault-2506/20 Quests/Professional/VGALT/_QUEST-VGALT.md
RENAMED: /Users/askirom/Documents/Askr.Vault-2506/20 Quests/Professional/RCG/_QUEST_-_RCG.md -> /Users/askirom/Documents/Askr.Vault-2506/20 Quests/Professional/RCG/_QUEST-RCG.md
RENAMED: /Users/askirom/Documents/Askr.Vault-2506/20 Quests/Professional/RCG/Milestone_-_RLE_Stellvertreter_Consultation.md -> /Users/askirom/Documents/Askr.Vault-2506/20 Quests/Professional/RCG/Milestone-RLE_Stellvertreter_Consultation.md
RENAMED: /Users/askirom/Documents/Askr.Vault-2506/20 Quests/Professional/VEDES/_QUEST_-_VEDES.md -> /Users/askirom/Documents/Askr.Vault-2506/20 Quests/Professional/VEDES/_QUEST-VEDES.md
RENAMED: /Users/askirom/Documents/Askr.Vault-2506/20 Quests/Professional/FDFRI/Milestone_-_Datenschutzformular_Package.md -> /Users/askirom/Documents/Askr.Vault-2506/20 Quests/Professional/FDFRI/Milestone-Datenschutzformular_Package.md
RENAMED: /Users/askirom/Documents/Askr.Vault-2506/20 Quests/Professional/FDFRI/_QUEST_-_FDFRI.md -> /Users/askirom/Documents/Askr.Vault-2506/20 Quests/Professional/FDFRI/_QUEST-FDFRI.md
RENAMED: /Users/askirom/Documents/Askr.Vault-2506/20 Quests/Professional/SECUD/Milestone_-_Vertraulichkeit_2025_Audit_Package.md -> /Users/askirom/Documents/Askr.Vault-2506/20 Quests/Professional/SECUD/Milestone-Vertraulichkeit_2025_Audit_Package.md
RENAMED: /Users/askirom/Documents/Askr.Vault-2506/20 Quests/Professional/SECUD/_QUEST_-_SECUD.md -> /Users/askirom/Documents/Askr.Vault-2506/20 Quests/Professional/SECUD/_QUEST-SECUD.md
RENAMED: /Users/askirom/Documents/Askr.Vault-2506/20 Quests/Professional/EKIBA/ISMS_Funktionsweise_-_Eine_Seite_Erklärung.md -> /Users/askirom/Documents/Askr.Vault-2506/20 Quests/Professional/EKIBA/ISMS_Funktionsweise-Eine_Seite_Erklärung.md
RENAMED: /Users/askirom/Documents/Askr.Vault-2506/20 Quests/Professional/EKIBA/Richtlinie_-_Funktionsweise_des_ISMS.md -> /Users/askirom/Documents/Askr.Vault-2506/20 Quests/Professional/EKIBA/Richtlinie-Funktionsweise_des_ISMS.md
RENAMED: /Users/askirom/Documents/Askr.Vault-2506/20 Quests/Professional/EKIBA/ISMS_Ordnerstruktur_-_Praktische_Anwendung.md -> /Users/askirom/Documents/Askr.Vault-2506/20 Quests/Professional/EKIBA/ISMS_Ordnerstruktur-Praktische_Anwendung.md
RENAMED: /Users/askirom/Documents/Askr.Vault-2506/20 Quests/Professional/EKIBA/ISMS_Funktionsweise_-_EKIBA_Spezifisch.md -> /Users/askirom/Documents/Askr.Vault-2506/20 Quests/Professional/EKIBA/ISMS_Funktionsweise-EKIBA_Spezifisch.md
UPDATED LINK: ISMS_Funktionsweise_-_EKIBA_Spezifisch -> ISMS_Funktionsweise-EKIBA_Spezifisch in Richtlinie-Funktionsweise_des_ISMS.md
RENAMED: /Users/askirom/Documents/Askr.Vault-2506/20 Quests/Professional/EKIBA/ISMS_Richtlinie_-_Funktionsweise_(IS-200_Format).md -> /Users/askirom/Documents/Askr.Vault-2506/20 Quests/Professional/EKIBA/ISMS_Richtlinie-Funktionsweise_(IS-200_Format).md
RENAMED: /Users/askirom/Documents/Askr.Vault-2506/20 Quests/Professional/EKIBA/_QUEST_-_EKIBA.md -> /Users/askirom/Documents/Askr.Vault-2506/20 Quests/Professional/EKIBA/_QUEST-EKIBA.md
RENAMED: /Users/askirom/Documents/Askr.Vault-2506/20 Quests/Professional/EHFREI/Milestone_-_Risikoanalyse_Follow-up.md -> /Users/askirom/Documents/Askr.Vault-2506/20 Quests/Professional/EHFREI/Milestone-Risikoanalyse_Follow-up.md
RENAMED: /Users/askirom/Documents/Askr.Vault-2506/20 Quests/Professional/EHFREI/_QUEST_-_EHFREI.md -> /Users/askirom/Documents/Askr.Vault-2506/20 Quests/Professional/EHFREI/_QUEST-EHFREI.md
RENAMED: /Users/askirom/Documents/Askr.Vault-2506/20 Quests/Professional/INSTO/_QUEST_-_INSTO.md -> /Users/askirom/Documents/Askr.Vault-2506/20 Quests/Professional/INSTO/_QUEST-INSTO.md
RENAMED: /Users/askirom/Documents/Askr.Vault-2506/20 Quests/Network/BvD RG Nürnberg/_QUEST_-_BvD_RG_Nürnberg.md -> /Users/askirom/Documents/Askr.Vault-2506/20 Quests/Network/BvD RG Nürnberg/_QUEST-BvD_RG_Nürnberg.md
RENAMED: /Users/askirom/Documents/Askr.Vault-2506/20 Quests/Network/Maibaum/_QUEST_-_Maibaum.md -> /Users/askirom/Documents/Askr.Vault-2506/20 Quests/Network/Maibaum/_QUEST-Maibaum.md
RENAMED: /Users/askirom/Documents/Askr.Vault-2506/20 Quests/Network/BvD Prüfaufgaben/_QUEST_-_BvD_Prüfaufgaben.md -> /Users/askirom/Documents/Askr.Vault-2506/20 Quests/Network/BvD Prüfaufgaben/_QUEST-BvD_Prüfaufgaben.md
RENAMED: /Users/askirom/Documents/Askr.Vault-2506/20 Quests/Hive/_QUEST_-_HIVE.md -> /Users/askirom/Documents/Askr.Vault-2506/20 Quests/Hive/_QUEST-HIVE.md
RENAMED: /Users/askirom/Documents/Askr.Vault-2506/30 Atlas/Askirom_v2506_-_Shadow_Bolt.md -> /Users/askirom/Documents/Askr.Vault-2506/30 Atlas/Askirom_v2506-Shadow_Bolt.md
RENAMED: /Users/askirom/Documents/Askr.Vault-2506/00 To Sort/Inbox_-_Tasks.md -> /Users/askirom/Documents/Askr.Vault-2506/00 To Sort/Inbox-Tasks.md
RENAMED: /Users/askirom/Documents/Askr.Vault-2506/.trash/ISMS_Funktionsweise_-_VdS_10000_Praxis.md -> /Users/askirom/Documents/Askr.Vault-2506/.trash/ISMS_Funktionsweise-VdS_10000_Praxis.md
RENAMED: /Users/askirom/Documents/Askr.Vault-2506/01 Nexus/GUILD_-_secudor_GmbH.md -> /Users/askirom/Documents/Askr.Vault-2506/01 Nexus/GUILD-secudor_GmbH.md
RENAMED: /Users/askirom/Documents/Askr.Vault-2506/01 Nexus/000_-_Master_Quest_Log.md -> /Users/askirom/Documents/Askr.Vault-2506/01 Nexus/000-Master_Quest_Log.md
RENAMED: /Users/askirom/Documents/Askr.Vault-2506/01 Nexus/GEAR_-_Askirom_Inventory_v2506.md -> /Users/askirom/Documents/Askr.Vault-2506/01 Nexus/GEAR-Askirom_Inventory_v2506.md
RENAMED: /Users/askirom/Documents/Askr.Vault-2506/10 Library/Personal/Sublime_Text_-_Merge_License.md -> /Users/askirom/Documents/Askr.Vault-2506/10 Library/Personal/Sublime_Text-Merge_License.md
Dash cleanup completed - Tue Jul  1 19:45:55 CEST 2025
